<?xml version="1.0" encoding="UTF-8"?>
<!-- Generated by org.testng.reporters.JUnitXMLReporter -->
<testsuite ignored="0" hostname="DESKTOP-FCFEV9J" failures="0" tests="9" name="JobifyTests" time="12.628" errors="0" timestamp="2024-01-16T15:35:15 IST">
  <testcase classname="api.test.JobifyTests" name="testRegisterUser" time="3.29"/>
  <testcase classname="api.test.JobifyTests" name="testLoginUser" time="1.716"/>
  <testcase classname="api.test.JobifyTests" name="testCreateJob" time="1.079"/>
  <testcase classname="api.test.JobifyTests" name="testCreateJob" time="1.074"/>
  <testcase classname="api.test.JobifyTests" name="testGetSingleJob" time="0.627"/>
  <testcase classname="api.test.JobifyTests" name="testgetAllJobs" time="0.694"/>
  <testcase classname="api.test.JobifyTests" name="testUpdateJob" time="1.242"/>
  <testcase classname="api.test.JobifyTests" name="testDeleteJob" time="1.048"/>
  <testcase classname="api.test.JobifyTests" name="testDeleteUser" time="0.586"/>
</testsuite> <!-- JobifyTests -->
