<?xml version="1.0" encoding="UTF-8"?>
<!-- Generated by org.testng.reporters.JUnitXMLReporter -->
<testsuite ignored="0" hostname="DESKTOP-FCFEV9J" failures="0" tests="9" name="JobifyTests" time="16.732" errors="0" timestamp="2024-01-11T15:03:25 IST">
  <testcase classname="api.test.JobifyTests" name="testRegisterUser" time="3.944"/>
  <testcase classname="api.test.JobifyTests" name="testLoginUser" time="2.239"/>
  <testcase classname="api.test.JobifyTests" name="testCreateJob" time="1.18"/>
  <testcase classname="api.test.JobifyTests" name="testCreateJob" time="1.592"/>
  <testcase classname="api.test.JobifyTests" name="testGetSingleJob" time="1.538"/>
  <testcase classname="api.test.JobifyTests" name="testgetAllJobs" time="1.274"/>
  <testcase classname="api.test.JobifyTests" name="testUpdateJob" time="1.335"/>
  <testcase classname="api.test.JobifyTests" name="testDeleteJob" time="1.11"/>
  <testcase classname="api.test.JobifyTests" name="testDeleteUser" time="1.415"/>
</testsuite> <!-- JobifyTests -->
