<?xml version="1.0" encoding="UTF-8"?>
<testng-results ignored="0" total="9" passed="9" failed="0" skipped="0">
  <reporter-output>
  </reporter-output>
  <suite started-at="2023-12-26T15:39:45 IST" name="PetSuite" finished-at="2023-12-26T15:40:07 IST" duration-ms="22453">
    <groups>
    </groups>
    <test started-at="2023-12-26T15:39:45 IST" name="PetTests" finished-at="2023-12-26T15:40:07 IST" duration-ms="22453">
      <class name="api.test.DDTests">
        <test-method signature="testPostuser(java.lang.String,java.lang.String,java.lang.String,java.lang.String,java.lang.String,java.lang.String,java.lang.String)[pri:1, instance:api.test.DDTests@741a8937]" started-at="2023-12-26T15:39:47 IST" name="testPostuser" data-provider="Data" finished-at="2023-12-26T15:39:51 IST" duration-ms="4187" status="PASS">
          <params>
            <param index="0">
              <value>
                <![CDATA[1010]]>
              </value>
            </param>
            <param index="1">
              <value>
                <![CDATA[testuser1]]>
              </value>
            </param>
            <param index="2">
              <value>
                <![CDATA[John]]>
              </value>
            </param>
            <param index="3">
              <value>
                <![CDATA[Canedy]]>
              </value>
            </param>
            <param index="4">
              <value>
                <![CDATA[a@gmail.com]]>
              </value>
            </param>
            <param index="5">
              <value>
                <![CDATA[test@1]]>
              </value>
            </param>
            <param index="6">
              <value>
                <![CDATA[1234567897]]>
              </value>
            </param>
          </params>
          <reporter-output>
          </reporter-output>
        </test-method> <!-- testPostuser -->
        <test-method signature="testPostuser(java.lang.String,java.lang.String,java.lang.String,java.lang.String,java.lang.String,java.lang.String,java.lang.String)[pri:1, instance:api.test.DDTests@741a8937]" started-at="2023-12-26T15:39:51 IST" name="testPostuser" data-provider="Data" finished-at="2023-12-26T15:39:53 IST" duration-ms="1745" status="PASS">
          <params>
            <param index="0">
              <value>
                <![CDATA[1020]]>
              </value>
            </param>
            <param index="1">
              <value>
                <![CDATA[testuser2]]>
              </value>
            </param>
            <param index="2">
              <value>
                <![CDATA[Kim]]>
              </value>
            </param>
            <param index="3">
              <value>
                <![CDATA[Kom]]>
              </value>
            </param>
            <param index="4">
              <value>
                <![CDATA[b@gmail.com]]>
              </value>
            </param>
            <param index="5">
              <value>
                <![CDATA[test@2]]>
              </value>
            </param>
            <param index="6">
              <value>
                <![CDATA[1234567897]]>
              </value>
            </param>
          </params>
          <reporter-output>
          </reporter-output>
        </test-method> <!-- testPostuser -->
        <test-method signature="testPostuser(java.lang.String,java.lang.String,java.lang.String,java.lang.String,java.lang.String,java.lang.String,java.lang.String)[pri:1, instance:api.test.DDTests@741a8937]" started-at="2023-12-26T15:39:53 IST" name="testPostuser" data-provider="Data" finished-at="2023-12-26T15:39:55 IST" duration-ms="1680" status="PASS">
          <params>
            <param index="0">
              <value>
                <![CDATA[1030]]>
              </value>
            </param>
            <param index="1">
              <value>
                <![CDATA[testuser3]]>
              </value>
            </param>
            <param index="2">
              <value>
                <![CDATA[Smith]]>
              </value>
            </param>
            <param index="3">
              <value>
                <![CDATA[Steve]]>
              </value>
            </param>
            <param index="4">
              <value>
                <![CDATA[c@gmail.com]]>
              </value>
            </param>
            <param index="5">
              <value>
                <![CDATA[test@3]]>
              </value>
            </param>
            <param index="6">
              <value>
                <![CDATA[1234567897]]>
              </value>
            </param>
          </params>
          <reporter-output>
          </reporter-output>
        </test-method> <!-- testPostuser -->
        <test-method signature="testGetUserByName(java.lang.String,java.lang.String,java.lang.String,java.lang.String,java.lang.String,java.lang.String,java.lang.String)[pri:2, instance:api.test.DDTests@741a8937]" started-at="2023-12-26T15:39:55 IST" name="testGetUserByName" data-provider="Data" finished-at="2023-12-26T15:39:58 IST" duration-ms="3440" status="PASS">
          <params>
            <param index="0">
              <value>
                <![CDATA[1010]]>
              </value>
            </param>
            <param index="1">
              <value>
                <![CDATA[testuser1]]>
              </value>
            </param>
            <param index="2">
              <value>
                <![CDATA[John]]>
              </value>
            </param>
            <param index="3">
              <value>
                <![CDATA[Canedy]]>
              </value>
            </param>
            <param index="4">
              <value>
                <![CDATA[a@gmail.com]]>
              </value>
            </param>
            <param index="5">
              <value>
                <![CDATA[test@1]]>
              </value>
            </param>
            <param index="6">
              <value>
                <![CDATA[1234567897]]>
              </value>
            </param>
          </params>
          <reporter-output>
          </reporter-output>
        </test-method> <!-- testGetUserByName -->
        <test-method signature="testGetUserByName(java.lang.String,java.lang.String,java.lang.String,java.lang.String,java.lang.String,java.lang.String,java.lang.String)[pri:2, instance:api.test.DDTests@741a8937]" started-at="2023-12-26T15:39:58 IST" name="testGetUserByName" data-provider="Data" finished-at="2023-12-26T15:40:00 IST" duration-ms="1771" status="PASS">
          <params>
            <param index="0">
              <value>
                <![CDATA[1020]]>
              </value>
            </param>
            <param index="1">
              <value>
                <![CDATA[testuser2]]>
              </value>
            </param>
            <param index="2">
              <value>
                <![CDATA[Kim]]>
              </value>
            </param>
            <param index="3">
              <value>
                <![CDATA[Kom]]>
              </value>
            </param>
            <param index="4">
              <value>
                <![CDATA[b@gmail.com]]>
              </value>
            </param>
            <param index="5">
              <value>
                <![CDATA[test@2]]>
              </value>
            </param>
            <param index="6">
              <value>
                <![CDATA[1234567897]]>
              </value>
            </param>
          </params>
          <reporter-output>
          </reporter-output>
        </test-method> <!-- testGetUserByName -->
        <test-method signature="testGetUserByName(java.lang.String,java.lang.String,java.lang.String,java.lang.String,java.lang.String,java.lang.String,java.lang.String)[pri:2, instance:api.test.DDTests@741a8937]" started-at="2023-12-26T15:40:00 IST" name="testGetUserByName" data-provider="Data" finished-at="2023-12-26T15:40:02 IST" duration-ms="1710" status="PASS">
          <params>
            <param index="0">
              <value>
                <![CDATA[1030]]>
              </value>
            </param>
            <param index="1">
              <value>
                <![CDATA[testuser3]]>
              </value>
            </param>
            <param index="2">
              <value>
                <![CDATA[Smith]]>
              </value>
            </param>
            <param index="3">
              <value>
                <![CDATA[Steve]]>
              </value>
            </param>
            <param index="4">
              <value>
                <![CDATA[c@gmail.com]]>
              </value>
            </param>
            <param index="5">
              <value>
                <![CDATA[test@3]]>
              </value>
            </param>
            <param index="6">
              <value>
                <![CDATA[1234567897]]>
              </value>
            </param>
          </params>
          <reporter-output>
          </reporter-output>
        </test-method> <!-- testGetUserByName -->
        <test-method signature="testDeleteUserByName(java.lang.String)[pri:3, instance:api.test.DDTests@741a8937]" started-at="2023-12-26T15:40:02 IST" name="testDeleteUserByName" data-provider="UserNames" finished-at="2023-12-26T15:40:04 IST" duration-ms="1762" status="PASS">
          <params>
            <param index="0">
              <value>
                <![CDATA[testuser1]]>
              </value>
            </param>
          </params>
          <reporter-output>
          </reporter-output>
        </test-method> <!-- testDeleteUserByName -->
        <test-method signature="testDeleteUserByName(java.lang.String)[pri:3, instance:api.test.DDTests@741a8937]" started-at="2023-12-26T15:40:04 IST" name="testDeleteUserByName" data-provider="UserNames" finished-at="2023-12-26T15:40:05 IST" duration-ms="1748" status="PASS">
          <params>
            <param index="0">
              <value>
                <![CDATA[testuser2]]>
              </value>
            </param>
          </params>
          <reporter-output>
          </reporter-output>
        </test-method> <!-- testDeleteUserByName -->
        <test-method signature="testDeleteUserByName(java.lang.String)[pri:3, instance:api.test.DDTests@741a8937]" started-at="2023-12-26T15:40:05 IST" name="testDeleteUserByName" data-provider="UserNames" finished-at="2023-12-26T15:40:07 IST" duration-ms="1671" status="PASS">
          <params>
            <param index="0">
              <value>
                <![CDATA[testuser3]]>
              </value>
            </param>
          </params>
          <reporter-output>
          </reporter-output>
        </test-method> <!-- testDeleteUserByName -->
      </class> <!-- api.test.DDTests -->
    </test> <!-- PetTests -->
  </suite> <!-- PetSuite -->
</testng-results>
