<?xml version="1.0" encoding="UTF-8"?>
<!-- Generated by org.testng.reporters.JUnitXMLReporter -->
<testsuite ignored="0" hostname="DESKTOP-FCFEV9J" failures="0" tests="9" name="PetTests" time="21.599" errors="0" timestamp="2023-12-28T16:01:19 IST">
  <testcase classname="api.test.DDTests" name="testPostuser" time="4.279"/>
  <testcase classname="api.test.DDTests" name="testPostuser" time="1.688"/>
  <testcase classname="api.test.DDTests" name="testPostuser" time="1.654"/>
  <testcase classname="api.test.DDTests" name="testGetUserByName" time="2.53"/>
  <testcase classname="api.test.DDTests" name="testGetUserByName" time="2.528"/>
  <testcase classname="api.test.DDTests" name="testGetUserByName" time="1.679"/>
  <testcase classname="api.test.DDTests" name="testDeleteUserByName" time="1.689"/>
  <testcase classname="api.test.DDTests" name="testDeleteUserByName" time="1.619"/>
  <testcase classname="api.test.DDTests" name="testDeleteUserByName" time="1.728"/>
</testsuite> <!-- PetTests -->
