<?xml version="1.0" encoding="UTF-8"?>
<!-- Generated by org.testng.reporters.JUnitXMLReporter -->
<testsuite ignored="0" hostname="DESKTOP-FCFEV9J" failures="0" tests="9" name="PetTests" time="49.356" errors="0" timestamp="2023-12-29T10:58:40 IST">
  <testcase classname="api.test.DDTests" name="testPostuser" time="4.448"/>
  <testcase classname="api.test.DDTests" name="testPostuser" time="4.786"/>
  <testcase classname="api.test.DDTests" name="testPostuser" time="10.39"/>
  <testcase classname="api.test.DDTests" name="testGetUserByName" time="9.109"/>
  <testcase classname="api.test.DDTests" name="testGetUserByName" time="2.863"/>
  <testcase classname="api.test.DDTests" name="testGetUserByName" time="2.462"/>
  <testcase classname="api.test.DDTests" name="testDeleteUserByName" time="4.422"/>
  <testcase classname="api.test.DDTests" name="testDeleteUserByName" time="2.482"/>
  <testcase classname="api.test.DDTests" name="testDeleteUserByName" time="5.81"/>
</testsuite> <!-- PetTests -->
